<?xml version="1.0" ?> 
<?xml-stylesheet type="text/xsl" href="CUnit-Run.xsl" ?> 
<!DOCTYPE CUNIT_TEST_RUN_REPORT SYSTEM "CUnit-Run.dtd"> 
<CUNIT_TEST_RUN_REPORT> 
  <CUNIT_HEADER/> 
  <CUNIT_RESULT_LISTING> 
    <CUNIT_RUN_SUITE> 
      <CUNIT_RUN_SUITE_SUCCESS> 
        <SUITE_NAME> CONCURRENT TREE TEST </SUITE_NAME> 
        <CUNIT_RUN_TEST_RECORD> 
          <CUNIT_RUN_TEST_SUCCESS> 
            <TEST_NAME> Insert/put Node test </TEST_NAME> 
          </CUNIT_RUN_TEST_SUCCESS> 
        </CUNIT_RUN_TEST_RECORD> 
        <CUNIT_RUN_TEST_RECORD> 
          <CUNIT_RUN_TEST_SUCCESS> 
            <TEST_NAME> Search/Get Node test </TEST_NAME> 
          </CUNIT_RUN_TEST_SUCCESS> 
        </CUNIT_RUN_TEST_RECORD> 
        <CUNIT_RUN_TEST_RECORD> 
          <CUNIT_RUN_TEST_SUCCESS> 
            <TEST_NAME> Get Value Test </TEST_NAME> 
          </CUNIT_RUN_TEST_SUCCESS> 
        </CUNIT_RUN_TEST_RECORD> 
      </CUNIT_RUN_SUITE_SUCCESS> 
    </CUNIT_RUN_SUITE> 
  </CUNIT_RESULT_LISTING>
  <CUNIT_RUN_SUMMARY> 
    <CUNIT_RUN_SUMMARY_RECORD> 
      <TYPE> Suites </TYPE> 
      <TOTAL> 1 </TOTAL> 
      <RUN> 1 </RUN> 
      <SUCCEEDED> - NA - </SUCCEEDED> 
      <FAILED> 0 </FAILED> 
      <INACTIVE> 0 </INACTIVE> 
    </CUNIT_RUN_SUMMARY_RECORD> 
    <CUNIT_RUN_SUMMARY_RECORD> 
      <TYPE> Test Cases </TYPE> 
      <TOTAL> 3 </TOTAL> 
      <RUN> 3 </RUN> 
      <SUCCEEDED> 3 </SUCCEEDED> 
      <FAILED> 0 </FAILED> 
      <INACTIVE> 0 </INACTIVE> 
    </CUNIT_RUN_SUMMARY_RECORD> 
    <CUNIT_RUN_SUMMARY_RECORD> 
      <TYPE> Assertions </TYPE> 
      <TOTAL> 15 </TOTAL> 
      <RUN> 15 </RUN> 
      <SUCCEEDED> 15 </SUCCEEDED> 
      <FAILED> 0 </FAILED> 
      <INACTIVE> n/a </INACTIVE> 
    </CUNIT_RUN_SUMMARY_RECORD> 
  </CUNIT_RUN_SUMMARY> 
  <CUNIT_FOOTER> File Generated By CUnit v2.1-3 - Mon Dec  9 03:20:22 2019
 </CUNIT_FOOTER> 
</CUNIT_TEST_RUN_REPORT>